2025-07-11 17:48:42.057 [info] ComputeTargetPlatform: linux-x64
2025-07-11 17:49:24.373 [info] ComputeTargetPlatform: linux-x64
2025-07-11 17:49:47.460 [info] Getting Manifest... mathcale.theme-dracula-refined
2025-07-11 17:49:48.532 [info] Installing extension: mathcale.theme-dracula-refined {"isMachineScoped":false,"installPreReleaseVersion":false,"pinned":false,"profileLocation":{"$mid":1,"external":"vscode-userdata:/home/somya/.vscode/extensions/extensions.json","path":"/home/somya/.vscode/extensions/extensions.json","scheme":"vscode-userdata"},"isApplicationScoped":false,"productVersion":{"version":"1.101.0","date":"2025-06-11T15:00:50.123Z"}}
2025-07-11 17:49:56.080 [info] Extension signature verification result for mathcale.theme-dracula-refined: Success. Internal Code: 0. Executed: true. Duration: 3829ms.
2025-07-11 17:49:56.105 [info] Extracted extension to file:///home/somya/.vscode/extensions/mathcale.theme-dracula-refined-2.25.2: mathcale.theme-dracula-refined
2025-07-11 17:49:56.181 [info] Renamed to /home/somya/.vscode/extensions/mathcale.theme-dracula-refined-2.25.2
2025-07-11 17:49:56.207 [info] Extension installed successfully: mathcale.theme-dracula-refined vscode-userdata:/home/somya/.vscode/extensions/extensions.json
2025-07-11 17:50:03.296 [info] Getting Manifest... dracula-theme.theme-dracula
2025-07-11 17:50:06.292 [info] Installing extension: dracula-theme.theme-dracula {"isMachineScoped":false,"installPreReleaseVersion":false,"pinned":false,"profileLocation":{"$mid":1,"external":"vscode-userdata:/home/somya/.vscode/extensions/extensions.json","path":"/home/somya/.vscode/extensions/extensions.json","scheme":"vscode-userdata"},"isApplicationScoped":false,"productVersion":{"version":"1.101.0","date":"2025-06-11T15:00:50.123Z"}}
2025-07-11 17:50:09.387 [info] Extension signature verification result for dracula-theme.theme-dracula: Success. Internal Code: 0. Executed: true. Duration: 428ms.
2025-07-11 17:50:09.401 [info] Extracted extension to file:///home/somya/.vscode/extensions/dracula-theme.theme-dracula-2.25.1: dracula-theme.theme-dracula
2025-07-11 17:50:09.415 [info] Renamed to /home/somya/.vscode/extensions/dracula-theme.theme-dracula-2.25.1
2025-07-11 17:50:09.437 [info] Extension installed successfully: dracula-theme.theme-dracula vscode-userdata:/home/somya/.vscode/extensions/extensions.json
2025-07-11 17:50:46.120 [info] Getting Manifest... evondev.dracula-high-contrast
2025-07-11 17:50:47.084 [info] Installing extension: evondev.dracula-high-contrast {"isMachineScoped":false,"installPreReleaseVersion":false,"pinned":false,"profileLocation":{"$mid":1,"external":"vscode-userdata:/home/somya/.vscode/extensions/extensions.json","path":"/home/somya/.vscode/extensions/extensions.json","scheme":"vscode-userdata"},"isApplicationScoped":false,"productVersion":{"version":"1.101.0","date":"2025-06-11T15:00:50.123Z"}}
2025-07-11 17:50:51.735 [info] Extension signature verification result for evondev.dracula-high-contrast: Success. Internal Code: 0. Executed: true. Duration: 405ms.
2025-07-11 17:50:51.755 [info] Extracted extension to file:///home/somya/.vscode/extensions/evondev.dracula-high-contrast-0.2.89: evondev.dracula-high-contrast
2025-07-11 17:50:51.770 [info] Renamed to /home/somya/.vscode/extensions/evondev.dracula-high-contrast-0.2.89
2025-07-11 17:50:51.788 [info] Extension installed successfully: evondev.dracula-high-contrast vscode-userdata:/home/somya/.vscode/extensions/extensions.json
