2025-07-11 17:48:42.640 [info] [main] Log level: Info
2025-07-11 17:48:42.640 [info] [main] Validating found git in: "git"
2025-07-11 17:48:42.640 [info] [main] Using git "2.49.0" from "git"
2025-07-11 17:48:42.640 [info] [Model][doInitialScan] Initial repository scan started
2025-07-11 17:48:42.640 [info] [Model][doInitialScan] Initial repository scan completed - repositories (0), closed repositories (0), parent repositories (0), unsafe repositories (0)
2025-07-11 17:49:18.349 [info] [main] Log level: Info
2025-07-11 17:49:18.349 [info] [main] Validating found git in: "git"
2025-07-11 17:49:18.349 [info] [main] Using git "2.49.0" from "git"
2025-07-11 17:49:18.349 [info] [Model][doInitialScan] Initial repository scan started
2025-07-11 17:49:18.349 [info] > git rev-parse --show-toplevel [4ms]
2025-07-11 17:49:18.349 [info] fatal: not a git repository (or any of the parent directories): .git
2025-07-11 17:49:18.349 [info] [Model][doInitialScan] Initial repository scan completed - repositories (0), closed repositories (0), parent repositories (0), unsafe repositories (0)
2025-07-11 17:49:23.768 [info] > git rev-parse --show-toplevel [1ms]
2025-07-11 17:49:23.768 [info] fatal: not a git repository (or any of the parent directories): .git
2025-07-11 17:50:14.328 [info] > git rev-parse --show-toplevel [24ms]
2025-07-11 17:50:14.328 [info] fatal: not a git repository (or any of the parent directories): .git
2025-07-11 17:50:17.177 [info] > git rev-parse --show-toplevel [1ms]
2025-07-11 17:50:17.177 [info] fatal: not a git repository (or any of the parent directories): .git
2025-07-11 17:50:34.652 [info] > git rev-parse --show-toplevel [0ms]
2025-07-11 17:50:34.652 [info] fatal: not a git repository (or any of the parent directories): .git
2025-07-11 17:50:55.857 [info] > git rev-parse --show-toplevel [2ms]
2025-07-11 17:50:55.857 [info] fatal: not a git repository (or any of the parent directories): .git
2025-07-11 17:51:01.999 [info] > git rev-parse --show-toplevel [2ms]
2025-07-11 17:51:01.999 [info] fatal: not a git repository (or any of the parent directories): .git
2025-07-11 17:51:04.231 [info] > git rev-parse --show-toplevel [2ms]
2025-07-11 17:51:04.231 [info] fatal: not a git repository (or any of the parent directories): .git
2025-07-11 17:51:06.082 [info] > git rev-parse --show-toplevel [1ms]
2025-07-11 17:51:06.082 [info] fatal: not a git repository (or any of the parent directories): .git
2025-07-11 17:51:07.765 [info] > git rev-parse --show-toplevel [1ms]
2025-07-11 17:51:07.765 [info] fatal: not a git repository (or any of the parent directories): .git
2025-07-11 17:51:10.217 [info] > git rev-parse --show-toplevel [2ms]
2025-07-11 17:51:10.217 [info] fatal: not a git repository (or any of the parent directories): .git
2025-07-11 17:51:18.391 [info] > git rev-parse --show-toplevel [0ms]
2025-07-11 17:51:18.391 [info] fatal: not a git repository (or any of the parent directories): .git
