2025-07-11 17:48:42.309 [info] Extension host with pid 2110 started
2025-07-11 17:48:42.345 [info] ExtensionService#_doActivateExtension vscode.github-authentication, startup: false, activationEvent: 'onAuthenticationRequest:github'
2025-07-11 17:48:42.402 [info] ExtensionService#_doActivateExtension vscode.git-base, startup: true, activationEvent: '*', root cause: vscode.git
2025-07-11 17:48:42.487 [info] ExtensionService#_doActivateExtension vscode.git, startup: true, activationEvent: '*'
2025-07-11 17:48:42.534 [info] ExtensionService#_doActivateExtension vscode.github, startup: true, activationEvent: '*'
2025-07-11 17:48:42.657 [info] Eager extensions activated
2025-07-11 17:48:42.658 [info] ExtensionService#_doActivateExtension vscode.debug-auto-launch, startup: false, activationEvent: 'onStartupFinished'
2025-07-11 17:48:42.661 [info] ExtensionService#_doActivateExtension vscode.merge-conflict, startup: false, activationEvent: 'onStartupFinished'
2025-07-11 17:49:14.926 [info] Extension host terminating: renderer closed the MessagePort
2025-07-11 17:49:14.940 [info] Extension host with pid 2110 exiting with code 0
2025-07-11 17:49:15.843 [info] Extension host with pid 2181 started
2025-07-11 17:49:15.843 [info] Skipping acquiring lock for /home/somya/.config/Code/User/workspaceStorage/e5b91055ce8507645de816031f16a44a.
2025-07-11 17:49:15.884 [info] ExtensionService#_doActivateExtension vscode.github-authentication, startup: false, activationEvent: 'onAuthenticationRequest:github'
2025-07-11 17:49:15.936 [info] ExtensionService#_doActivateExtension vscode.git-base, startup: true, activationEvent: '*'
2025-07-11 17:49:15.943 [info] ExtensionService#_doActivateExtension vscode.github, startup: true, activationEvent: '*'
2025-07-11 17:49:16.004 [info] Eager extensions activated
2025-07-11 17:49:16.005 [info] ExtensionService#_doActivateExtension vscode.debug-auto-launch, startup: false, activationEvent: 'onStartupFinished'
2025-07-11 17:49:16.007 [info] ExtensionService#_doActivateExtension vscode.merge-conflict, startup: false, activationEvent: 'onStartupFinished'
2025-07-11 17:49:18.261 [info] ExtensionService#_doActivateExtension vscode.git, startup: false, activationEvent: 'api', root cause: vscode.github
2025-07-11 17:49:23.818 [info] ExtensionService#_doActivateExtension vscode.emmet, startup: false, activationEvent: 'onLanguage'
2025-07-11 17:50:14.198 [info] ExtensionService#_doActivateExtension vscode.configuration-editing, startup: false, activationEvent: 'onLanguage:jsonc'
2025-07-11 17:50:14.208 [info] ExtensionService#_doActivateExtension vscode.json-language-features, startup: false, activationEvent: 'onLanguage:jsonc'
2025-07-11 17:50:14.247 [info] ExtensionService#_doActivateExtension vscode.typescript-language-features, startup: false, activationEvent: 'onLanguage:jsonc'
2025-07-11 17:51:21.966 [info] Extension host terminating: renderer closed the MessagePort
2025-07-11 17:51:21.989 [info] Extension host with pid 2181 exiting with code 0
